<?xml version="1.0" encoding="UTF-8"?>
<!-- Generated by org.testng.reporters.JUnitXMLReporter -->
<testsuite ignored="0" hostname="ISTN24220" failures="1" tests="4" name="Default test" time="170.61" errors="0" timestamp="2020-04-28T18:34:45 EET">
  <testcase classname="Base.TestBase" name="@AfterMethod tearDown" time="0.009">
    <failure type="java.lang.NullPointerException">
      <![CDATA[java.lang.NullPointerException
at Base.TestBase.tearDown(TestBase.java:131)
at java.base/jdk.internal.reflect.NativeMethodAccessorImpl.invoke0(Native Method)
at java.base/jdk.internal.reflect.NativeMethodAccessorImpl.invoke(NativeMethodAccessorImpl.java:62)
at java.base/jdk.internal.reflect.DelegatingMethodAccessorImpl.invoke(DelegatingMethodAccessorImpl.java:43)
at java.base/java.lang.reflect.Method.invoke(Method.java:566)
at org.testng.internal.MethodInvocationHelper.invokeMethod(MethodInvocationHelper.java:134)
at org.testng.internal.MethodInvocationHelper.invokeMethodConsideringTimeout(MethodInvocationHelper.java:63)
at org.testng.internal.ConfigInvoker.invokeConfigurationMethod(ConfigInvoker.java:348)
at org.testng.internal.ConfigInvoker.invokeConfigurations(ConfigInvoker.java:302)
at org.testng.internal.TestInvoker.runConfigMethods(TestInvoker.java:695)
at org.testng.internal.TestInvoker.runAfterGroupsConfigurations(TestInvoker.java:671)
at org.testng.internal.TestInvoker.invokeMethod(TestInvoker.java:655)
at org.testng.internal.TestInvoker.invokeTestMethod(TestInvoker.java:173)
at org.testng.internal.MethodRunner.runInSequence(MethodRunner.java:46)
at org.testng.internal.TestInvoker$MethodInvocationAgent.invoke(TestInvoker.java:816)
at org.testng.internal.TestInvoker.invokeTestMethods(TestInvoker.java:146)
at org.testng.internal.TestMethodWorker.invokeTestMethods(TestMethodWorker.java:146)
at org.testng.internal.TestMethodWorker.run(TestMethodWorker.java:128)
at java.base/java.util.ArrayList.forEach(ArrayList.java:1540)
at org.testng.TestRunner.privateRun(TestRunner.java:766)
at org.testng.TestRunner.run(TestRunner.java:587)
at org.testng.SuiteRunner.runTest(SuiteRunner.java:384)
at org.testng.SuiteRunner.runSequentially(SuiteRunner.java:378)
at org.testng.SuiteRunner.privateRun(SuiteRunner.java:337)
at org.testng.SuiteRunner.run(SuiteRunner.java:286)
at org.testng.SuiteRunnerWorker.runSuite(SuiteRunnerWorker.java:53)
at org.testng.SuiteRunnerWorker.run(SuiteRunnerWorker.java:96)
at org.testng.TestNG.runSuitesSequentially(TestNG.java:1187)
at org.testng.TestNG.runSuitesLocally(TestNG.java:1109)
at org.testng.TestNG.runSuites(TestNG.java:1039)
at org.testng.TestNG.run(TestNG.java:1007)
at org.testng.remote.AbstractRemoteTestNG.run(AbstractRemoteTestNG.java:115)
at org.testng.remote.RemoteTestNG.initAndRun(RemoteTestNG.java:251)
at org.testng.remote.RemoteTestNG.main(RemoteTestNG.java:77)
]]>
    </failure>
  </testcase> <!-- @AfterMethod tearDown -->
  <testcase classname="test.tools.webapp.automation.Smoke.LoginPageTest" name="@BeforeMethod setUp" time="-1.588088075206E9">
    <skipped/>
  </testcase> <!-- @BeforeMethod setUp -->
  <testcase classname="Base.TestBase" name="@AfterMethod tearDown" time="-1.588088075656E9">
    <skipped/>
  </testcase> <!-- @AfterMethod tearDown -->
  <testcase classname="test.tools.webapp.automation.Smoke.LoginPageTest" name="@BeforeMethod setUp" time="-1.588088078499E9">
    <skipped/>
  </testcase> <!-- @BeforeMethod setUp -->
  <testcase classname="Base.TestBase" name="@AfterMethod tearDown" time="-1.588088078945E9">
    <skipped/>
  </testcase> <!-- @AfterMethod tearDown -->
  <testcase classname="test.tools.webapp.automation.Smoke.LoginPageTest" name="@BeforeMethod setUp" time="-1.588088081296E9">
    <skipped/>
  </testcase> <!-- @BeforeMethod setUp -->
  <testcase classname="Base.TestBase" name="@AfterMethod tearDown" time="-1.588088081771E9">
    <skipped/>
  </testcase> <!-- @AfterMethod tearDown -->
  <testcase classname="Base.TestBase" name="@AfterTest endReport" time="-1.588088083938E9">
    <skipped/>
  </testcase> <!-- @AfterTest endReport -->
  <testcase classname="test.tools.webapp.automation.Smoke.LoginPageTest" name="loginTest" time="48.702">
    <failure type="java.lang.NullPointerException">
      <![CDATA[java.lang.NullPointerException
at pages.PageConsructor.waitVisibility(PageConsructor.java:74)
at test.tools.webapp.automation.Smoke.LoginPageTest.loginTest(LoginPageTest.java:50)
at java.base/jdk.internal.reflect.NativeMethodAccessorImpl.invoke0(Native Method)
at java.base/jdk.internal.reflect.NativeMethodAccessorImpl.invoke(NativeMethodAccessorImpl.java:62)
at java.base/jdk.internal.reflect.DelegatingMethodAccessorImpl.invoke(DelegatingMethodAccessorImpl.java:43)
at java.base/java.lang.reflect.Method.invoke(Method.java:566)
at org.testng.internal.MethodInvocationHelper.invokeMethod(MethodInvocationHelper.java:134)
at org.testng.internal.TestInvoker.invokeMethod(TestInvoker.java:597)
at org.testng.internal.TestInvoker.invokeTestMethod(TestInvoker.java:173)
at org.testng.internal.MethodRunner.runInSequence(MethodRunner.java:46)
at org.testng.internal.TestInvoker$MethodInvocationAgent.invoke(TestInvoker.java:816)
at org.testng.internal.TestInvoker.invokeTestMethods(TestInvoker.java:146)
at org.testng.internal.TestMethodWorker.invokeTestMethods(TestMethodWorker.java:146)
at org.testng.internal.TestMethodWorker.run(TestMethodWorker.java:128)
at java.base/java.util.ArrayList.forEach(ArrayList.java:1540)
at org.testng.TestRunner.privateRun(TestRunner.java:766)
at org.testng.TestRunner.run(TestRunner.java:587)
at org.testng.SuiteRunner.runTest(SuiteRunner.java:384)
at org.testng.SuiteRunner.runSequentially(SuiteRunner.java:378)
at org.testng.SuiteRunner.privateRun(SuiteRunner.java:337)
at org.testng.SuiteRunner.run(SuiteRunner.java:286)
at org.testng.SuiteRunnerWorker.runSuite(SuiteRunnerWorker.java:53)
at org.testng.SuiteRunnerWorker.run(SuiteRunnerWorker.java:96)
at org.testng.TestNG.runSuitesSequentially(TestNG.java:1187)
at org.testng.TestNG.runSuitesLocally(TestNG.java:1109)
at org.testng.TestNG.runSuites(TestNG.java:1039)
at org.testng.TestNG.run(TestNG.java:1007)
at org.testng.remote.AbstractRemoteTestNG.run(AbstractRemoteTestNG.java:115)
at org.testng.remote.RemoteTestNG.initAndRun(RemoteTestNG.java:251)
at org.testng.remote.RemoteTestNG.main(RemoteTestNG.java:77)
]]>
    </failure>
  </testcase> <!-- loginTest -->
  <testcase classname="test.tools.webapp.automation.Smoke.LoginPageTest" name="tearDown" time="0.0">
    <skipped/>
  </testcase> <!-- tearDown -->
  <testcase classname="test.tools.webapp.automation.Smoke.LoginPageTest" name="TitleTest" time="0.0">
    <skipped/>
  </testcase> <!-- TitleTest -->
  <testcase classname="test.tools.webapp.automation.Smoke.LoginPageTest" name="logoutTest" time="0.0">
    <skipped/>
  </testcase> <!-- logoutTest -->
</testsuite> <!-- Default test -->
