<?xml version="1.0" encoding="UTF-8"?>
<!-- Generated by org.testng.reporters.JUnitXMLReporter -->
<testsuite ignored="0" hostname="ISTN24220" failures="0" tests="1" name="LoginTest" time="45.913" errors="0" timestamp="2020-04-30T09:58:18 EET">
  <testcase classname="Base.TestBase" name="@AfterMethod tearDown" time="0.002">
    <failure type="java.lang.NullPointerException">
      <![CDATA[java.lang.NullPointerException
at Base.TestBase.tearDown(TestBase.java:148)
at java.base/java.util.ArrayList.forEach(ArrayList.java:1540)
... Removed 32 stack frames]]>
    </failure>
  </testcase> <!-- @AfterMethod tearDown -->
  <testcase classname="Base.TestBase" name="@AfterTest endReport" time="0.0">
    <failure type="java.lang.NullPointerException">
      <![CDATA[java.lang.NullPointerException
at Base.TestBase.endReport(TestBase.java:115)
... Removed 24 stack frames]]>
    </failure>
  </testcase> <!-- @AfterTest endReport -->
  <testcase classname="test.tools.webapp.automation.Smoke.MilkrunDeneme" name="LoginTest" time="16.656"/>
</testsuite> <!-- LoginTest -->
